{ root: 'C:\\Users\\qianfeng\\Desktop\\gulp-project-template',
  registry: 'https://registry.npm.taobao.org',
  pkgs: [ { name: 'gulp-uglify', version: '^3.0.1', type: 'tag' } ],
  production: false,
  cacheStrict: false,
  cacheDir: 'C:\\Users\\qianfeng\\.npminstall_tarball',
  env: 
   { npm_config_registry: 'https://registry.npm.taobao.org',
     npm_config_argv: '{"remain":[],"cooked":["--fix-bug-versions","--china","--userconfig=C:\\\\Users\\\\qianfeng\\\\.cnpmrc","--disturl=https://npm.taobao.org/mirrors/node","--registry=https://registry.npm.taobao.org","--save-dev","gulp-uglify"],"original":["--fix-bug-versions","--china","--userconfig=C:\\\\Users\\\\qianfeng\\\\.cnpmrc","--disturl=https://npm.taobao.org/mirrors/node","--registry=https://registry.npm.taobao.org","--save-dev","gulp-uglify"]}',
     NODE: 'C:\\Program Files\\nodejs\\node.exe',
     npm_node_execpath: 'C:\\Program Files\\nodejs\\node.exe',
     npm_execpath: 'C:\\Users\\qianfeng\\AppData\\Roaming\\npm\\node_modules\\cnpm\\node_modules\\npminstall\\bin\\install.js',
     npm_rootpath: 'C:\\Users\\qianfeng\\Desktop\\gulp-project-template',
     npm_config_userconfig: 'C:\\Users\\qianfeng\\.cnpmrc',
     npm_config_disturl: 'https://npm.taobao.org/mirrors/node',
     npm_config_r: 'https://registry.npm.taobao.org',
     NODEJS_ORG_MIRROR: 'https://cdn.npm.taobao.org/dist/node',
     NVM_NODEJS_ORG_MIRROR: 'https://cdn.npm.taobao.org/dist/node',
     NVM_IOJS_ORG_MIRROR: 'https://cdn.npm.taobao.org/dist/iojs',
     PHANTOMJS_CDNURL: 'https://cdn.npm.taobao.org/dist/phantomjs',
     CHROMEDRIVER_CDNURL: 'https://cdn.npm.taobao.org/dist/chromedriver',
     OPERADRIVER_CDNURL: 'https://cdn.npm.taobao.org/dist/operadriver',
     ELECTRON_MIRROR: 'https://cdn.npm.taobao.org/dist/electron/',
     SASS_BINARY_SITE: 'https://cdn.npm.taobao.org/dist/node-sass',
     FLOW_BINARY_MIRROR: 'https://github.com/facebook/flow/releases/download/v',
     NWJS_URLBASE: 'https://cdn.npm.taobao.org/dist/nwjs/v',
     PUPPETEER_DOWNLOAD_HOST: 'https://cdn.npm.taobao.org/dist',
     npm_config_cache: 'C:\\Users\\qianfeng\\.npminstall_tarball' },
  binaryMirrors: 
   { ENVS: 
      { NODEJS_ORG_MIRROR: 'https://cdn.npm.taobao.org/dist/node',
        NVM_NODEJS_ORG_MIRROR: 'https://cdn.npm.taobao.org/dist/node',
        NVM_IOJS_ORG_MIRROR: 'https://cdn.npm.taobao.org/dist/iojs',
        PHANTOMJS_CDNURL: 'https://cdn.npm.taobao.org/dist/phantomjs',
        CHROMEDRIVER_CDNURL: 'https://cdn.npm.taobao.org/dist/chromedriver',
        OPERADRIVER_CDNURL: 'https://cdn.npm.taobao.org/dist/operadriver',
        ELECTRON_MIRROR: 'https://cdn.npm.taobao.org/dist/electron/',
        SASS_BINARY_SITE: 'https://cdn.npm.taobao.org/dist/node-sass',
        FLOW_BINARY_MIRROR: 'https://github.com/facebook/flow/releases/download/v',
        NWJS_URLBASE: 'https://cdn.npm.taobao.org/dist/nwjs/v',
        PUPPETEER_DOWNLOAD_HOST: 'https://cdn.npm.taobao.org/dist' },
     cypress: { host: 'https://cdn.npm.taobao.org/dist/cypress' },
     'utf-8-validate': 
      { host: 'https://cdn.npm.taobao.org/dist/utf-8-validate/v{version}' },
     leveldown: 
      { host: 'https://cdn.npm.taobao.org/dist/leveldown/v{version}' },
     'leveldown-hyper': 
      { host: 'https://cdn.npm.taobao.org/dist/leveldown-hyper/v{version}' },
     zeromq: { host: 'https://cdn.npm.taobao.org/dist/zeromq/v{version}' },
     mknod: { host: 'https://cdn.npm.taobao.org/dist/mknod/v{version}' },
     couchbase: 
      { host: 'https://cdn.npm.taobao.org/dist/couchbase/v{version}' },
     'sodium-prebuilt': 
      { host: 'https://cdn.npm.taobao.org/dist/sodium-prebuilt/v{version}' },
     'utp-native': 
      { host: 'https://cdn.npm.taobao.org/dist/utp-native/v{version}' },
     'node-tk5': { host: 'https://cdn.npm.taobao.org/dist/node-tk5/v{version}' },
     'fuse-bindings': 
      { host: 'https://cdn.npm.taobao.org/dist/fuse-bindings/v{version}' },
     'zmq-prebuilt': 
      { host: 'https://cdn.npm.taobao.org/dist/zmq-prebuilt/v{version}' },
     gl: { host: 'https://cdn.npm.taobao.org/dist/gl/v{version}' },
     hackrf: { host: 'https://cdn.npm.taobao.org/dist/hackrf/v{version}' },
     rabin: { host: 'https://cdn.npm.taobao.org/dist/rabin/v{version}' },
     'v8-debug': { host: 'https://cdn.npm.taobao.org/dist/node-inspector' },
     'v8-profiler': { host: 'https://cdn.npm.taobao.org/dist/node-inspector' },
     sqlite3: { host: 'https://cdn.npm.taobao.org/dist' },
     grpc: 
      { host: 'https://cdn.npm.taobao.org/dist',
        remote_path: '{name}/v{version}' },
     fsevents: { host: 'https://cdn.npm.taobao.org/dist/fsevents' },
     nodegit: { host: 'https://cdn.npm.taobao.org/dist/nodegit/v{version}' },
     'flow-bin': 
      { replaceHost: 'https://github.com/facebook/flow/releases/download/v',
        host: 'https://cdn.npm.taobao.org/dist/flow/v' },
     'jpegtran-bin': 
      { replaceHost: [Array],
        host: 'https://npm.taobao.org/mirrors/jpegtran-bin' },
     'cwebp-bin': 
      { replaceHost: [Array],
        host: 'https://npm.taobao.org/mirrors/cwebp-bin' },
     'zopflipng-bin': 
      { replaceHost: [Array],
        host: 'https://npm.taobao.org/mirrors/zopflipng-bin' },
     'optipng-bin': 
      { replaceHost: [Array],
        host: 'https://npm.taobao.org/mirrors/optipng-bin' },
     mozjpeg: 
      { replaceHost: [Array],
        host: 'https://npm.taobao.org/mirrors/mozjpeg-bin' },
     gifsicle: 
      { replaceHost: [Array],
        host: 'https://npm.taobao.org/mirrors/gifsicle-bin' },
     'pngquant-bin': 
      { replaceHost: [Array],
        host: 'https://npm.taobao.org/mirrors/pngquant-bin',
        replaceHostMap: [Object] },
     'pngcrush-bin': 
      { replaceHost: [Array],
        host: 'https://npm.taobao.org/mirrors/pngcrush-bin' },
     'jpeg-recompress-bin': 
      { replaceHost: [Array],
        host: 'https://npm.taobao.org/mirrors/jpeg-recompress-bin' },
     'advpng-bin': 
      { replaceHost: [Array],
        host: 'https://npm.taobao.org/mirrors/advpng-bin' },
     'pngout-bin': 
      { replaceHost: [Array],
        host: 'https://npm.taobao.org/mirrors/pngout-bin' },
     'jpegoptim-bin': 
      { replaceHost: [Array],
        host: 'https://npm.taobao.org/mirrors/jpegoptim-bin' } },
  forbiddenLicenses: null,
  flatten: false,
  proxy: undefined,
  prune: false,
  strictSSL: true,
  ignoreScripts: false,
  detail: false,
  trace: false,
  engineStrict: false,
  registryOnly: false,
  autoFixVersion: [Function: autoFixVersion],
  spinner: 
   Ora {
     options: { text: '', color: 'cyan', stream: [Object] },
     spinner: { interval: 130, frames: [Array] },
     text: '[0/1] Installing make-error@^1.2.0',
     color: 'cyan',
     interval: 130,
     stream: 
      WriteStream {
        connecting: false,
        _hadError: false,
        _handle: [Object],
        _parent: null,
        _host: null,
        _readableState: [Object],
        readable: false,
        domain: null,
        _events: [Object],
        _eventsCount: 3,
        _maxListeners: undefined,
        _writableState: [Object],
        writable: true,
        allowHalfOpen: false,
        _bytesDispatched: 57117,
        _sockname: null,
        _writev: null,
        _pendingData: null,
        _pendingEncoding: '',
        server: null,
        _server: null,
        columns: 80,
        rows: 25,
        _type: 'tty',
        fd: 2,
        _isStdio: true,
        destroySoon: [Function: destroy],
        _destroy: [Function],
        [Symbol(asyncId)]: 6,
        [Symbol(bytesRead)]: 0 },
     id: null,
     frameIndex: 0,
     enabled: true },
  events: 
   EventEmitter {
     domain: null,
     _events: {},
     _eventsCount: 0,
     _maxListeners: 0,
     await: [Function] },
  postInstallTasks: [],
  peerDependencies: [],
  linkPeerDependencies: [],
  packageVersions: 
   { 'gulp-uglify': Set { '3.0.1' },
     gulplog: Set { '1.0.0' },
     'has-gulplog': Set { '0.1.0' },
     'safe-buffer': Set { '5.1.2' },
     'uglify-js': Set { '3.4.9' },
     commander: Set { '2.17.1' },
     'source-map': Set { '0.6.1' },
     'vinyl-sourcemaps-apply': Set { '0.2.1' },
     through2: Set { '2.0.3' },
     'make-error-cause': Set { '1.2.2' },
     lodash: Set { '4.17.10' },
     'make-error': Set { '1.3.5' } },
  latestVersions: 
   Map {
     'gulp-uglify' => '3.0.1',
     'gulplog' => '1.0.0',
     'has-gulplog' => '0.1.0',
     'safe-buffer' => '5.1.2',
     'uglify-js' => '3.4.9',
     'commander' => '2.17.1',
     'source-map' => '0.6.1',
     'vinyl-sourcemaps-apply' => '0.2.1',
     'through2' => '2.0.3',
     'make-error-cause' => '1.2.2',
     'lodash' => '4.17.10',
     'make-error' => '1.3.5' },
  latestPackages: Map {},
  cache: 
   { 'npm:resolve:package:gulp-uglify': 
      { done: true,
        name: 'gulp-uglify',
        modified: '2018-07-24T21:55:29.000Z',
        'dist-tags': [Object],
        versions: [Object],
        allVersions: [Array] },
     'npm:resolve:version:gulp-uglify@^3.0.1': 
      { name: 'gulp-uglify',
        version: '3.0.1',
        dependencies: [Object],
        devDependencies: [Object],
        directories: {},
        dist: [Object],
        _hasShrinkwrap: false,
        publish_time: 1532469313619,
        description: 'Minify files with UglifyJS.',
        author: [Object],
        bugs: [Object],
        homepage: 'https://github.com/terinjokes/gulp-uglify/',
        keywords: [Array],
        license: 'MIT',
        main: 'index.js',
        repository: [Object],
        eslintConfig: [Object],
        files: [Array],
        scripts: [Object],
        greenkeeper: [Object],
        readme: 'ERROR: No README data found!',
        _id: 'gulp-uglify@3.0.1' },
     'download:gulp-uglify@3.0.1': { done: true },
     'install:gulp-uglify@^3.0.1': 
      { package: [Object],
        dir: 'C:\\Users\\qianfeng\\Desktop\\gulp-project-template\\node_modules\\_gulp-uglify@3.0.1@gulp-uglify' },
     'install:gulp-uglify:range:4.0.0': 
      { package: [Object],
        dir: 'C:\\Users\\qianfeng\\Desktop\\gulp-project-template\\node_modules\\_gulp-uglify@3.0.1@gulp-uglify' },
     'npm:resolve:package:gulplog': 
      { done: true,
        name: 'gulplog',
        modified: '2017-03-29T18:06:19.000Z',
        'dist-tags': [Object],
        versions: [Object],
        allVersions: [Array] },
     'npm:resolve:package:has-gulplog': 
      { done: true,
        name: 'has-gulplog',
        modified: '2017-03-29T18:59:46.000Z',
        'dist-tags': [Object],
        versions: [Object],
        allVersions: [Array] },
     'npm:resolve:package:lodash': 
      { done: true,
        name: 'lodash',
        modified: '2018-04-24T18:07:49.000Z',
        'dist-tags': [Object],
        versions: [Object],
        allVersions: [Array] },
     'npm:resolve:package:make-error-cause': 
      { done: true,
        name: 'make-error-cause',
        modified: '2018-05-26T03:56:38.000Z',
        'dist-tags': [Object],
        versions: [Object],
        allVersions: [Array] },
     'npm:resolve:package:safe-buffer': 
      { done: true,
        name: 'safe-buffer',
        modified: '2018-04-25T20:11:10.000Z',
        'dist-tags': [Object],
        versions: [Object],
        allVersions: [Array] },
     'npm:resolve:package:through2': 
      { done: true,
        name: 'through2',
        modified: '2017-03-27T10:20:52.000Z',
        'dist-tags': [Object],
        versions: [Object],
        allVersions: [Array] },
     'npm:resolve:package:uglify-js': 
      { done: true,
        name: 'uglify-js',
        modified: '2018-08-31T16:00:30.000Z',
        'dist-tags': [Object],
        versions: [Object],
        allVersions: [Array] },
     'npm:resolve:package:vinyl-sourcemaps-apply': 
      { done: true,
        name: 'vinyl-sourcemaps-apply',
        modified: '2017-03-30T06:48:06.000Z',
        'dist-tags': [Object],
        versions: [Object],
        allVersions: [Array] },
     'npm:resolve:version:gulplog@^1.0.0': 
      { name: 'gulplog',
        version: '1.0.0',
        dependencies: [Object],
        devDependencies: [Object],
        directories: {},
        dist: [Object],
        engines: [Object],
        _hasShrinkwrap: false,
        publish_time: 1443244086941 },
     'download:gulplog@1.0.0': { done: true },
     'install:gulplog@^1.0.0': 
      { package: [Object],
        dir: 'C:\\Users\\qianfeng\\Desktop\\gulp-project-template\\node_modules\\_gulplog@1.0.0@gulplog' },
     'install:gulplog:range:2.0.0': 
      { package: [Object],
        dir: 'C:\\Users\\qianfeng\\Desktop\\gulp-project-template\\node_modules\\_gulplog@1.0.0@gulplog' },
     'npm:resolve:version:has-gulplog@^0.1.0': 
      { name: 'has-gulplog',
        version: '0.1.0',
        dependencies: [Object],
        devDependencies: [Object],
        directories: {},
        dist: [Object],
        engines: [Object],
        _hasShrinkwrap: false,
        publish_time: 1441922176412 },
     'download:has-gulplog@0.1.0': { done: true },
     'npm:resolve:version:safe-buffer@^5.1.2': 
      { name: 'safe-buffer',
        version: '5.1.2',
        devDependencies: [Object],
        directories: {},
        dist: [Object],
        _hasShrinkwrap: false,
        publish_time: 1524687024706 },
     'download:safe-buffer@5.1.2': { done: true },
     'install:has-gulplog@^0.1.0': 
      { package: [Object],
        dir: 'C:\\Users\\qianfeng\\Desktop\\gulp-project-template\\node_modules\\_has-gulplog@0.1.0@has-gulplog' },
     'install:has-gulplog:range:0.2.0': 
      { package: [Object],
        dir: 'C:\\Users\\qianfeng\\Desktop\\gulp-project-template\\node_modules\\_has-gulplog@0.1.0@has-gulplog' },
     'install:safe-buffer@^5.1.2': 
      { package: [Object],
        dir: 'C:\\Users\\qianfeng\\Desktop\\gulp-project-template\\node_modules\\_safe-buffer@5.1.2@safe-buffer' },
     'install:safe-buffer:range:6.0.0': 
      { package: [Object],
        dir: 'C:\\Users\\qianfeng\\Desktop\\gulp-project-template\\node_modules\\_safe-buffer@5.1.2@safe-buffer' },
     'npm:resolve:version:lodash@^4.13.1': 
      { name: 'lodash',
        version: '4.17.10',
        directories: {},
        dist: [Object],
        _hasShrinkwrap: false,
        publish_time: 1524593257696,
        description: 'Lodash modular utilities.',
        keywords: [Array],
        homepage: 'https://lodash.com/',
        repository: [Object],
        icon: 'https://lodash.com/icon.svg',
        license: 'MIT',
        main: 'lodash.js',
        author: [Object],
        contributors: [Array],
        scripts: [Object],
        bugs: [Object],
        readme: 'ERROR: No README data found!',
        _id: 'lodash@4.17.10' },
     'download:lodash@4.17.10': { done: true },
     'npm:resolve:version:uglify-js@^3.0.5': 
      { name: 'uglify-js',
        version: '3.4.9',
        dependencies: [Object],
        devDependencies: [Object],
        bin: [Object],
        directories: {},
        dist: [Object],
        engines: [Object],
        _hasShrinkwrap: false,
        publish_time: 1535731214818,
        description: 'JavaScript parser, mangler/compressor and beautifier toolkit',
        author: [Object],
        license: 'BSD-2-Clause',
        maintainers: [Array],
        repository: [Object],
        main: 'tools/node.js',
        files: [Array],
        scripts: [Object],
        keywords: [Array],
        bugs: [Object],
        readme: 'ERROR: No README data found!',
        homepage: 'https://github.com/mishoo/UglifyJS2#readme',
        _id: 'uglify-js@3.4.9' },
     'download:uglify-js@3.4.9': { done: true },
     'install:uglify-js@^3.0.5': 
      { package: [Object],
        dir: 'C:\\Users\\qianfeng\\Desktop\\gulp-project-template\\node_modules\\_uglify-js@3.4.9@uglify-js' },
     'install:uglify-js:range:4.0.0': 
      { package: [Object],
        dir: 'C:\\Users\\qianfeng\\Desktop\\gulp-project-template\\node_modules\\_uglify-js@3.4.9@uglify-js' },
     'npm:resolve:package:commander': 
      { done: true,
        name: 'commander',
        modified: '2018-08-07T11:19:44.000Z',
        'dist-tags': [Object],
        versions: [Object],
        allVersions: [Array] },
     'npm:resolve:package:source-map': 
      { done: true,
        name: 'source-map',
        modified: '2018-05-16T17:30:01.000Z',
        'dist-tags': [Object],
        versions: [Object],
        allVersions: [Array] },
     'npm:resolve:version:source-map@~0.6.1': 
      { name: 'source-map',
        version: '0.6.1',
        devDependencies: [Object],
        directories: {},
        dist: [Object],
        engines: [Object],
        _hasShrinkwrap: false,
        publish_time: 1506696150948,
        description: 'Generates and consumes source maps',
        homepage: 'https://github.com/mozilla/source-map',
        author: [Object],
        contributors: [Array],
        repository: [Object],
        main: './source-map.js',
        files: [Array],
        license: 'BSD-3-Clause',
        scripts: [Object],
        typings: 'source-map',
        bugs: [Object],
        readme: 'ERROR: No README data found!',
        _id: 'source-map@0.6.1' },
     'download:source-map@0.6.1': { done: true },
     'npm:resolve:version:commander@~2.17.1': 
      { name: 'commander',
        version: '2.17.1',
        dependencies: {},
        devDependencies: [Object],
        directories: {},
        dist: [Object],
        _hasShrinkwrap: false,
        publish_time: 1533640770675,
        description: 'the complete solution for node.js command-line programs',
        keywords: [Array],
        author: [Object],
        license: 'MIT',
        repository: [Object],
        scripts: [Object],
        main: 'index',
        files: [Array],
        typings: 'typings/index.d.ts',
        bugs: [Object],
        readme: 'ERROR: No README data found!',
        homepage: 'https://github.com/tj/commander.js#readme',
        _id: 'commander@2.17.1' },
     'download:commander@2.17.1': { done: true },
     'install:commander@~2.17.1': 
      { package: [Object],
        dir: 'C:\\Users\\qianfeng\\Desktop\\gulp-project-template\\node_modules\\_commander@2.17.1@commander' },
     'install:commander:range:2.18.0': 
      { package: [Object],
        dir: 'C:\\Users\\qianfeng\\Desktop\\gulp-project-template\\node_modules\\_commander@2.17.1@commander' },
     'install:source-map@~0.6.1': 
      { package: [Object],
        dir: 'C:\\Users\\qianfeng\\Desktop\\gulp-project-template\\node_modules\\_source-map@0.6.1@source-map' },
     'install:source-map:range:0.7.0': 
      { package: [Object],
        dir: 'C:\\Users\\qianfeng\\Desktop\\gulp-project-template\\node_modules\\_source-map@0.6.1@source-map' },
     'npm:resolve:version:vinyl-sourcemaps-apply@^0.2.0': 
      { name: 'vinyl-sourcemaps-apply',
        version: '0.2.1',
        dependencies: [Object],
        directories: {},
        dist: [Object],
        _hasShrinkwrap: false,
        publish_time: 1451239017256 },
     'download:vinyl-sourcemaps-apply@0.2.1': { done: true },
     'npm:resolve:version:make-error-cause@^1.1.1': 
      { name: 'make-error-cause',
        version: '1.2.2',
        dependencies: [Object],
        devDependencies: [Object],
        directories: {},
        dist: [Object],
        _hasShrinkwrap: false,
        publish_time: 1476822475074,
        description: 'Make your own nested error types!',
        main: 'dist/index.js',
        typings: 'dist/index.d.ts',
        files: [Array],
        scripts: [Object],
        repository: [Object],
        keywords: [Array],
        author: [Object],
        license: 'Apache-2.0',
        bugs: [Object],
        homepage: 'https://github.com/blakeembrey/make-error-cause',
        readme: 'ERROR: No README data found!',
        _id: 'make-error-cause@1.2.2' },
     'download:make-error-cause@1.2.2': { done: true },
     'npm:resolve:version:through2@^2.0.0': 
      { name: 'through2',
        version: '2.0.3',
        dependencies: [Object],
        devDependencies: [Object],
        directories: {},
        dist: [Object],
        _hasShrinkwrap: false,
        publish_time: 1480373529981 },
     'download:through2@2.0.3': { done: true },
     'install:vinyl-sourcemaps-apply@^0.2.0': 
      { package: [Object],
        dir: 'C:\\Users\\qianfeng\\Desktop\\gulp-project-template\\node_modules\\_vinyl-sourcemaps-apply@0.2.1@vinyl-sourcemaps-apply' },
     'install:vinyl-sourcemaps-apply:range:0.3.0': 
      { package: [Object],
        dir: 'C:\\Users\\qianfeng\\Desktop\\gulp-project-template\\node_modules\\_vinyl-sourcemaps-apply@0.2.1@vinyl-sourcemaps-apply' },
     'install:through2@^2.0.0': 
      { package: [Object],
        dir: 'C:\\Users\\qianfeng\\Desktop\\gulp-project-template\\node_modules\\_through2@2.0.3@through2' },
     'install:through2:range:3.0.0': 
      { package: [Object],
        dir: 'C:\\Users\\qianfeng\\Desktop\\gulp-project-template\\node_modules\\_through2@2.0.3@through2' },
     'install:make-error-cause@^1.1.1': 
      { package: [Object],
        dir: 'C:\\Users\\qianfeng\\Desktop\\gulp-project-template\\node_modules\\_make-error-cause@1.2.2@make-error-cause' },
     'install:make-error-cause:range:2.0.0': 
      { package: [Object],
        dir: 'C:\\Users\\qianfeng\\Desktop\\gulp-project-template\\node_modules\\_make-error-cause@1.2.2@make-error-cause' },
     'npm:resolve:package:make-error': 
      { done: true,
        name: 'make-error',
        modified: '2018-08-30T14:20:06.000Z',
        'dist-tags': [Object],
        versions: [Object],
        allVersions: [Array] },
     'install:lodash@^4.13.1': 
      { package: [Object],
        dir: 'C:\\Users\\qianfeng\\Desktop\\gulp-project-template\\node_modules\\_lodash@4.17.10@lodash' },
     'install:lodash:range:5.0.0': 
      { package: [Object],
        dir: 'C:\\Users\\qianfeng\\Desktop\\gulp-project-template\\node_modules\\_lodash@4.17.10@lodash' },
     'npm:resolve:version:make-error@^1.2.0': 
      { name: 'make-error',
        version: '1.3.5',
        devDependencies: [Object],
        directories: {},
        dist: [Object],
        _hasShrinkwrap: false,
        publish_time: 1535638798898,
        main: 'index.js',
        license: 'ISC',
        description: 'Make your own error types!',
        keywords: [Array],
        homepage: 'https://github.com/JsCommunity/make-error',
        bugs: [Object],
        author: [Object],
        repository: [Object],
        jest: [Object],
        scripts: [Object],
        files: [Array],
        readme: 'ERROR: No README data found!',
        _id: 'make-error@1.3.5' },
     'download:make-error@1.3.5': { done: true },
     'install:make-error@^1.2.0': 
      { package: [Object],
        dir: 'C:\\Users\\qianfeng\\Desktop\\gulp-project-template\\node_modules\\_make-error@1.3.5@make-error' },
     'install:make-error:range:2.0.0': 
      { package: [Object],
        dir: 'C:\\Users\\qianfeng\\Desktop\\gulp-project-template\\node_modules\\_make-error@1.3.5@make-error' } },
  targetDir: 'C:\\Users\\qianfeng\\Desktop\\gulp-project-template',
  storeDir: 'C:\\Users\\qianfeng\\Desktop\\gulp-project-template\\node_modules',
  timeout: 60000,
  streamingTimeout: 120000,
  console: 
   { info: 
      { [Function: debug]
        namespace: 'npminstall:format_install_options',
        enabled: false,
        useColors: true,
        color: 3,
        inspectOpts: {} },
     log: 
      { [Function: debug]
        namespace: 'npminstall:format_install_options',
        enabled: false,
        useColors: true,
        color: 3,
        inspectOpts: {} },
     error: [Function: bound consoleCall],
     warn: [Function: bound consoleCall] },
  start: 1536281924614,
  totalTarballSize: 0,
  totalJSONSize: 62157,
  totalJSONCount: 12,
  localPackages: 0,
  remotePackages: 0,
  registryPackages: 7,
  gitPackages: 0,
  pendingMessages: [],
  recentlyUpdateMinDateTime: 1535677124614,
  recentlyUpdates: 
   Map {
     'gulp-uglify@3.0.1\u001b[90m › \u001b[39muglify-js@^3.0.5(\u001b[32m3.4.9\u001b[39m)' => 2018-08-31T16:00:14.818Z },
  onlyShowTodayUpdateToConsole: true,
  remoteNames: {},
  referer: 'install gulp-uglify --uuid=2b6b9170-b239-11e8-b6f4-0335afa76cef',
  installRoot: false,
  progresses: 
   { installTasks: 1,
     finishedInstallTasks: 1,
     linkTasks: 11,
     finishedLinkTasks: 11 },
  rawCount: 0,
  rawSize: 0,
  pruneCount: 0,
  pruneSize: 0,
  rootPkgDependencies: 
   { allMap: [Getter],
     all: [Getter],
     prodMap: [Getter],
     prod: [Getter] },
  downloadFinished: 1536282051308 }